<?xml version="1.0" encoding="UTF-8"?>
<!-- Generated by org.testng.reporters.JUnitReportReporter -->
<testsuite hostname="LAPTOP-JO1IPVKJ" failures="0" tests="1" name="practice.A" time="0.006" errors="0" timestamp="2022-02-06T17:22:15 IST" skipped="0">
  <testcase classname="practice.A" name="test1" time="0.006"/>
  <system-out/>
</testsuite> <!-- practice.A -->
